*** Using Compiler 'V5.06 update 7 (build 960)', folder: 'D:\Program Files\ARM\ARMCC\Bin'
Build target 'ATK-D4X'
compiling RingBuffer.c...
compiling stm32f10x_it.c...
compiling system_stm32f10x.c...
compiling led.c...
compiling usart.c...
compiling main.c...
compiling delay.c...
compiling key.c...
compiling malloc.c...
compiling uart2.c...
compiling atk_d43.c...
compiling lcd.c...
compiling sys.c...
assembling startup_stm32f10x_md.s...
compiling core_cm3.c...
compiling misc.c...
compiling stm32f10x_fsmc.c...
compiling stm32f10x_gpio.c...
compiling stm32f10x_rcc.c...
compiling stm32f10x_usart.c...
linking...
Program Size: Code=11284 RO-data=8580 RW-data=160 ZI-data=1093416  
FromELF: creating hex file...
"..\OBJ\ATK.axf" - 0 Error(s), 0 Warning(s).
Build Time Elapsed:  00:00:06
